<?xml version="1.0" encoding="UTF-8"?>
<testng-results ignored="0" total="1" passed="1" failed="0" skipped="0">
  <reporter-output>
  </reporter-output>
  <suite started-at="2021-08-21T22:03:25 IST" name="Default suite" finished-at="2021-08-21T22:03:50 IST" duration-ms="24626">
    <groups>
    </groups>
    <test started-at="2021-08-21T22:03:25 IST" name="Default test" finished-at="2021-08-21T22:03:50 IST" duration-ms="24626">
      <class name="jenkins_demo_Kalycito.DemoMainClass">
        <test-method is-config="true" signature="setup()[pri:0, instance:jenkins_demo_Kalycito.DemoMainClass@2a54a73f]" started-at="2021-08-21T22:03:26 IST" name="setup" finished-at="2021-08-21T22:03:38 IST" duration-ms="12949" status="PASS">
          <reporter-output>
          </reporter-output>
        </test-method> <!-- setup -->
        <test-method signature="google_SampleTest()[pri:0, instance:jenkins_demo_Kalycito.DemoMainClass@2a54a73f]" started-at="2021-08-21T22:03:39 IST" name="google_SampleTest" finished-at="2021-08-21T22:03:49 IST" duration-ms="10335" status="PASS">
          <reporter-output>
          </reporter-output>
        </test-method> <!-- google_SampleTest -->
        <test-method is-config="true" signature="exit()[pri:0, instance:jenkins_demo_Kalycito.DemoMainClass@2a54a73f]" started-at="2021-08-21T22:03:49 IST" name="exit" finished-at="2021-08-21T22:03:50 IST" duration-ms="1194" status="PASS">
          <reporter-output>
          </reporter-output>
        </test-method> <!-- exit -->
      </class> <!-- jenkins_demo_Kalycito.DemoMainClass -->
    </test> <!-- Default test -->
  </suite> <!-- Default suite -->
</testng-results>
